<?xml version="1.0" encoding="UTF-8"?>
<!-- Generated by org.testng.reporters.JUnitXMLReporter -->
<testsuite ignored="0" hostname="DESKTOP-P3LEQQ2" failures="0" tests="2" name="Linux _firefox_Test" time="26.493" errors="0" timestamp="2024-12-13T02:44:02 IST">
  <testcase classname="testCases.TC001_AccountRegistrationTest" name="verify_AccountRegistration" time="3.28"/>
  <testcase classname="testCases.TC002_LoginToAccountTest" name="verify_Login" time="2.145"/>
</testsuite> <!-- Linux _firefox_Test -->
