<?xml version="1.0" encoding="UTF-8"?>
<!-- Generated by org.testng.reporters.JUnitXMLReporter -->
<testsuite ignored="0" hostname="DESKTOP-P3LEQQ2" failures="0" tests="2" name="Linux _chrome_Test" time="16.84" errors="0" timestamp="2024-12-13T02:43:35 IST">
  <testcase classname="testCases.TC001_AccountRegistrationTest" name="verify_AccountRegistration" time="5.218"/>
  <testcase classname="testCases.TC002_LoginToAccountTest" name="verify_Login" time="2.832"/>
</testsuite> <!-- Linux _chrome_Test -->
