<?xml version="1.0" encoding="UTF-8"?>
<!-- Generated by org.testng.reporters.JUnitXMLReporter -->
<testsuite ignored="0" hostname="DESKTOP-P3LEQQ2" failures="0" tests="3" name="Test" time="26.936" errors="0" timestamp="2024-12-15T01:47:54 IST">
  <testcase classname="testCases.TC001_AccountRegistrationTest" name="verify_AccountRegistration" time="5.195"/>
  <testcase classname="testCases.TC002_LoginToAccountTest" name="verify_Login" time="2.594"/>
  <testcase classname="testCases.TC004_HomePageTitleAndUrlTest" name="verifyHomepageTitleAndUrl" time="0.031"/>
</testsuite> <!-- Test -->
