<?xml version="1.0" encoding="UTF-8"?>
<!-- Generated by org.testng.reporters.JUnitXMLReporter -->
<testsuite ignored="2" hostname="DESKTOP-P3LEQQ2" failures="0" tests="0" time="0.025" errors="0" timestamp="2024-12-11T17:44:14 IST">
  <testcase classname="testCases.TC002_LoginToAccountTest" name="verify_Login" time="0.0">
    <ignored/>
  </testcase> <!-- verify_Login -->
  <testcase classname="testCases.TC001_AccountRegistrationTest" name="verify_AccountRegistration" time="0.0">
    <ignored/>
  </testcase> <!-- verify_AccountRegistration -->
</testsuite>
