<?xml version="1.0" encoding="UTF-8"?>
<testng-results ignored="0" total="3" passed="3" failed="0" skipped="0">
  <reporter-output>
  </reporter-output>
  <suite started-at="2024-12-15T01:47:25 IST" name="Grouping Suite" finished-at="2024-12-15T01:47:52 IST" duration-ms="26936">
    <groups>
      <group name="Sanity, Master">
        <method signature="TC002_LoginToAccountTest.verify_Login()[pri:0, instance:testCases.TC002_LoginToAccountTest@bccb269]" name="verify_Login" class="testCases.TC002_LoginToAccountTest"/>
      </group> <!-- Sanity, Master -->
      <group name="Regression, Master">
        <method signature="TC001_AccountRegistrationTest.verify_AccountRegistration()[pri:0, instance:testCases.TC001_AccountRegistrationTest@63475ace]" name="verify_AccountRegistration" class="testCases.TC001_AccountRegistrationTest"/>
        <method signature="TC004_HomePageTitleAndUrlTest.verifyHomepageTitleAndUrl()[pri:0, instance:testCases.TC004_HomePageTitleAndUrlTest@609cd4d8]" name="verifyHomepageTitleAndUrl" class="testCases.TC004_HomePageTitleAndUrlTest"/>
      </group> <!-- Regression, Master -->
    </groups>
    <test started-at="2024-12-15T01:47:25 IST" name="Test" finished-at="2024-12-15T01:47:52 IST" duration-ms="26936">
      <class name="testCases.TC002_LoginToAccountTest">
        <test-method is-config="true" signature="setUp(java.lang.String,java.lang.String)[pri:0, instance:testCases.TC002_LoginToAccountTest@bccb269]" started-at="2024-12-15T01:47:43 IST" name="setUp" finished-at="2024-12-15T01:47:46 IST" duration-ms="3268" status="PASS">
          <params>
            <param index="0">
              <value>
                <![CDATA[windows]]>
              </value>
            </param>
            <param index="1">
              <value>
                <![CDATA[chrome]]>
              </value>
            </param>
          </params>
          <reporter-output>
          </reporter-output>
        </test-method> <!-- setUp -->
        <test-method signature="verify_Login()[pri:0, instance:testCases.TC002_LoginToAccountTest@bccb269]" started-at="2024-12-15T01:47:46 IST" name="verify_Login" finished-at="2024-12-15T01:47:49 IST" duration-ms="2594" status="PASS">
          <reporter-output>
          </reporter-output>
        </test-method> <!-- verify_Login -->
        <test-method is-config="true" signature="tearDown()[pri:0, instance:testCases.TC002_LoginToAccountTest@bccb269]" started-at="2024-12-15T01:47:49 IST" name="tearDown" finished-at="2024-12-15T01:47:49 IST" duration-ms="307" status="PASS">
          <reporter-output>
          </reporter-output>
        </test-method> <!-- tearDown -->
      </class> <!-- testCases.TC002_LoginToAccountTest -->
      <class name="testCases.TC004_HomePageTitleAndUrlTest">
        <test-method is-config="true" signature="setUp(java.lang.String,java.lang.String)[pri:0, instance:testCases.TC004_HomePageTitleAndUrlTest@609cd4d8]" started-at="2024-12-15T01:47:49 IST" name="setUp" finished-at="2024-12-15T01:47:52 IST" duration-ms="2999" status="PASS">
          <params>
            <param index="0">
              <value>
                <![CDATA[windows]]>
              </value>
            </param>
            <param index="1">
              <value>
                <![CDATA[chrome]]>
              </value>
            </param>
          </params>
          <reporter-output>
          </reporter-output>
        </test-method> <!-- setUp -->
        <test-method signature="verifyHomepageTitleAndUrl()[pri:0, instance:testCases.TC004_HomePageTitleAndUrlTest@609cd4d8]" started-at="2024-12-15T01:47:52 IST" name="verifyHomepageTitleAndUrl" finished-at="2024-12-15T01:47:52 IST" duration-ms="31" status="PASS">
          <reporter-output>
          </reporter-output>
        </test-method> <!-- verifyHomepageTitleAndUrl -->
        <test-method is-config="true" signature="tearDown()[pri:0, instance:testCases.TC004_HomePageTitleAndUrlTest@609cd4d8]" started-at="2024-12-15T01:47:52 IST" name="tearDown" finished-at="2024-12-15T01:47:52 IST" duration-ms="263" status="PASS">
          <reporter-output>
          </reporter-output>
        </test-method> <!-- tearDown -->
      </class> <!-- testCases.TC004_HomePageTitleAndUrlTest -->
      <class name="testCases.TC001_AccountRegistrationTest">
        <test-method is-config="true" signature="setUp(java.lang.String,java.lang.String)[pri:0, instance:testCases.TC001_AccountRegistrationTest@63475ace]" started-at="2024-12-15T01:47:27 IST" name="setUp" finished-at="2024-12-15T01:47:37 IST" duration-ms="10460" status="PASS">
          <params>
            <param index="0">
              <value>
                <![CDATA[windows]]>
              </value>
            </param>
            <param index="1">
              <value>
                <![CDATA[chrome]]>
              </value>
            </param>
          </params>
          <reporter-output>
          </reporter-output>
        </test-method> <!-- setUp -->
        <test-method signature="verify_AccountRegistration()[pri:0, instance:testCases.TC001_AccountRegistrationTest@63475ace]" started-at="2024-12-15T01:47:37 IST" name="verify_AccountRegistration" finished-at="2024-12-15T01:47:42 IST" duration-ms="5195" status="PASS">
          <reporter-output>
          </reporter-output>
        </test-method> <!-- verify_AccountRegistration -->
        <test-method is-config="true" signature="tearDown()[pri:0, instance:testCases.TC001_AccountRegistrationTest@63475ace]" started-at="2024-12-15T01:47:42 IST" name="tearDown" finished-at="2024-12-15T01:47:43 IST" duration-ms="406" status="PASS">
          <reporter-output>
          </reporter-output>
        </test-method> <!-- tearDown -->
      </class> <!-- testCases.TC001_AccountRegistrationTest -->
    </test> <!-- Test -->
  </suite> <!-- Grouping Suite -->
</testng-results>
